Arguments: 
  /Users/colinrabyniuk/.nvm/versions/node/v20.5.0/bin/node /Users/colinrabyniuk/.nvm/versions/node/v20.5.0/bin/yarn install

PATH: 
  /Users/colinrabyniuk/.nvm/versions/node/v20.5.0/bin:/opt/homebrew/bin:/opt/homebrew/sbin:/usr/local/bin:/usr/bin:/bin:/usr/sbin:/sbin:/Library/Apple/usr/bin:/Users/colinrabyniuk/bin:/Users/colinrabyniuk/usr/bin:/Users/colinrabyniuk/usr/local/bin:/usr/local/bin:/Users/colinrabyniuk/usr/local/bin/composer:/Users/colinrabyniuk/.composer/vendor/bin:/Users/colinrabyniuk/usr/local/opt/php@7.3/bin:/usr/local/mysql/bin

Yarn version: 
  1.22.19

Node version: 
  20.5.0

Platform: 
  darwin arm64

Trace: 
  SyntaxError: /Users/colinrabyniuk/Projects/pigment/package.json: Expected double-quoted property name in JSON at position 623
      at JSON.parse (<anonymous>)
      at /Users/colinrabyniuk/.nvm/versions/node/v20.5.0/lib/node_modules/yarn/lib/cli.js:1629:59
      at Generator.next (<anonymous>)
      at step (/Users/colinrabyniuk/.nvm/versions/node/v20.5.0/lib/node_modules/yarn/lib/cli.js:310:30)
      at /Users/colinrabyniuk/.nvm/versions/node/v20.5.0/lib/node_modules/yarn/lib/cli.js:321:13

npm manifest: 
  {
    "name": "pigment",
    "version": "1.0.0",
    "description": "admin app for tattoo artists and other creative professionals",
    "main": "index.js",
    "scripts": {
      "test": "echo \"Error: no test specified\" && exit 1",
      "dev": "concurrently \"yarn dev:client\" ",
      "dev:client": "cd client && yarn dev",
      "build:client": "cd client && yarn build",
      "dev:api-service": "cd packages/ApiService && yarn dev",
      "build:api-service": "cd packages/ApiService && yarn prepack",
      "dev:form-helpers": "cd packages/FormHelpers && yarn dev",
      "build:form-helpers": "cd packages/FormHelpers && yarn prepack",
    },
    "repository": {
      "type": "git",
      "url": "git+https://github.com/colinxr/pigment.git"
    },
    "author": "Colin Rabyniuk",
    "license": "ISC",
    "bugs": {
      "url": "https://github.com/colinxr/pigment/issues"
    },
    "private": true,
    "workspaces": [
      "packages/*",
      "client",
      "web",
      "api"
    ],
    "homepage": "https://github.com/colinxr/pigment#readme",
    "devDependencies": {
      "@typescript-eslint/eslint-plugin": "^5.59.6",
      "@typescript-eslint/parser": "^5.59.6",
      "concurrently": "^8.2.0",
      "eslint": "^8.40.0",
      "eslint-config-airbnb-base": "^15.0.0",
      "eslint-config-airbnb-typescript": "^17.0.0",
      "eslint-config-standard": "^17.0.0",
      "eslint-import-resolver-typescript": "^3.5.5",
      "eslint-plugin-import": "^2.27.5",
      "eslint-plugin-n": "^15.7.0",
      "eslint-plugin-promise": "^6.1.1",
      "eslint-plugin-vue": "^9.12.0",
      "eslint-plugin-workspaces": "^0.8.0",
      "typescript": "^4.9.5",
      "vue-eslint-parser": "^9.3.0"
    }
  }

yarn manifest: 
  No manifest

Lockfile: 
  No lockfile
